2025-04-09 12:23:19,734 [Worker-4: Loading available Gradle versions] INFO  o.e.b.c.i.u.g.PublishedGradleVersions - Gradle version information cache is not available. Remote download required.
2025-04-09 12:29:12,240 [Worker-11: Import Getting Started Content] INFO  o.e.m.c.i.l.LifecycleMappingFactory - Using org.eclipse.m2e.jdt.JarLifecycleMapping lifecycle mapping for MavenProject: com.T_Maligai:Thamilan_Maligai:0.0.1-SNAPSHOT @ D:\MasilamainProjects\Thamilan_Maligai\pom.xml.
2025-04-09 12:29:15,820 [Worker-11: Import Getting Started Content] INFO  o.e.m.j.i.AbstractJavaProjectConfigurator - Adding source folder /Thamilan_Maligai/src/main/java
2025-04-09 12:29:15,827 [Worker-11: Import Getting Started Content] INFO  o.e.m.j.i.AbstractJavaProjectConfigurator - Adding resource folder /Thamilan_Maligai/src/main/resources
2025-04-09 12:29:15,929 [Worker-11: Import Getting Started Content] INFO  o.e.m.j.i.AbstractJavaProjectConfigurator - Adding resource folder /Thamilan_Maligai/src/main/resources
2025-04-09 12:29:16,015 [Worker-11: Import Getting Started Content] INFO  o.e.m.j.i.AbstractJavaProjectConfigurator - Adding source folder /Thamilan_Maligai/src/test/java
2025-04-09 12:29:16,018 [Worker-11: Import Getting Started Content] INFO  o.e.m.j.i.AbstractJavaProjectConfigurator - Adding resource folder /Thamilan_Maligai/src/test/resources
2025-04-09 12:29:18,840 [Worker-11: Import Getting Started Content] INFO  o.e.m.c.i.p.ProjectConfigurationManager - Imported and configured 1 project(s) in 10 sec
2025-04-09 12:29:18,848 [Worker-11: Import Getting Started Content] INFO  o.e.m.c.i.p.ProjectConfigurationManager - Update started
2025-04-09 12:29:19,607 [Worker-11: Import Getting Started Content] INFO  o.e.m.c.i.l.LifecycleMappingFactory - Using org.eclipse.m2e.jdt.JarLifecycleMapping lifecycle mapping for MavenProject: com.T_Maligai:Thamilan_Maligai:0.0.1-SNAPSHOT @ D:\MasilamainProjects\Thamilan_Maligai\pom.xml.
2025-04-09 12:29:21,481 [Worker-11: Import Getting Started Content] INFO  o.e.m.j.i.AbstractJavaProjectConfigurator - Adding source folder /Thamilan_Maligai/src/main/java
2025-04-09 12:29:21,484 [Worker-11: Import Getting Started Content] INFO  o.e.m.j.i.AbstractJavaProjectConfigurator - Adding resource folder /Thamilan_Maligai/src/main/resources
2025-04-09 12:29:21,486 [Worker-11: Import Getting Started Content] INFO  o.e.m.j.i.AbstractJavaProjectConfigurator - Adding resource folder /Thamilan_Maligai/src/main/resources
2025-04-09 12:29:21,487 [Worker-11: Import Getting Started Content] INFO  o.e.m.j.i.AbstractJavaProjectConfigurator - Adding source folder /Thamilan_Maligai/src/test/java
2025-04-09 12:29:21,489 [Worker-11: Import Getting Started Content] INFO  o.e.m.j.i.AbstractJavaProjectConfigurator - Adding resource folder /Thamilan_Maligai/src/test/resources
2025-04-09 12:29:22,920 [Worker-11: Import Getting Started Content] INFO  o.e.m.c.i.p.ProjectConfigurationManager - Update completed for 1 poms: local refresh takes 0.00 sec, refresh facades takes 2.00 sec, update config takes 1.00 sec 
2025-04-09 12:29:24,365 [Worker-6: Building] INFO  o.a.m.s.f.DefaultMavenResourcesFiltering - Copying 1 resource from src\main\resources to target\classes
2025-04-09 12:29:24,409 [Worker-6: Building] INFO  o.a.m.s.f.DefaultMavenResourcesFiltering - Copying 0 resource from src\main\resources to target\classes
2025-04-09 12:29:24,417 [Worker-6: Building] INFO  o.a.m.s.f.DefaultMavenResourcesFiltering - skip non existing resourceDirectory D:\MasilamainProjects\Thamilan_Maligai\src\test\resources
2025-04-09 12:30:07,969 [Start Help Server] INFO  org.eclipse.jetty.server.Server - jetty-12.0.15; built: 2024-11-05T19:44:57.623Z; git: 8281ae9740d4b4225e8166cc476bad237c70213a; jvm 21.0.5+11-LTS
2025-04-09 12:30:08,075 [Start Help Server] INFO  o.e.j.server.handler.ContextHandler - Started oeje8n.ContextHandler$CoreContextHandler@6d1dc7c5{/help,/help,b=null,a=AVAILABLE,h=oeje8n.ContextHandler$CoreContextHandler$CoreToNestedHandler@48e472db{STARTED}}
2025-04-09 12:30:08,076 [Start Help Server] INFO  o.e.j.s.DefaultSessionIdManager - Session workerName=node0
2025-04-09 12:30:08,112 [Start Help Server] INFO  o.e.jetty.server.AbstractConnector - Started ServerConnector@46ff3f67{HTTP/1.1, (http/1.1)}{127.0.0.1:50396}
2025-04-09 12:30:08,121 [Start Help Server] INFO  org.eclipse.jetty.server.Server - Started oejs.Server@61ff3977{STARTING}[12.0.15,sto=0] @476692ms
2025-04-09 12:30:33,220 [Stop Help Server] INFO  org.eclipse.jetty.server.Server - Stopped oejs.Server@61ff3977{STOPPING}[12.0.15,sto=0]
2025-04-09 12:30:33,223 [Stop Help Server] INFO  o.e.jetty.server.AbstractConnector - Stopped ServerConnector@46ff3f67{HTTP/1.1, (http/1.1)}{127.0.0.1:0}
2025-04-09 12:30:50,557 [Worker-0: Loading available Gradle versions] INFO  o.e.b.c.i.u.g.PublishedGradleVersions - Gradle version information cache is up-to-date. Trying to read.
2025-04-09 12:57:03,794 [Start Help Server] INFO  org.eclipse.jetty.server.Server - jetty-12.0.15; built: 2024-11-05T19:44:57.623Z; git: 8281ae9740d4b4225e8166cc476bad237c70213a; jvm 21.0.5+11-LTS
2025-04-09 12:57:03,920 [Start Help Server] INFO  o.e.j.server.handler.ContextHandler - Started oeje8n.ContextHandler$CoreContextHandler@2b60a1c7{/help,/help,b=null,a=AVAILABLE,h=oeje8n.ContextHandler$CoreContextHandler$CoreToNestedHandler@4006abed{STARTED}}
2025-04-09 12:57:03,921 [Start Help Server] INFO  o.e.j.s.DefaultSessionIdManager - Session workerName=node0
2025-04-09 12:57:03,963 [Start Help Server] INFO  o.e.jetty.server.AbstractConnector - Started ServerConnector@16c2c07f{HTTP/1.1, (http/1.1)}{127.0.0.1:64820}
2025-04-09 12:57:03,989 [Start Help Server] INFO  org.eclipse.jetty.server.Server - Started oejs.Server@65558905{STARTING}[12.0.15,sto=0] @1592798ms
2025-04-09 13:01:04,091 [Worker-6: Launching Thamilan_Maligai - ThamilanMaligaiApplication] INFO  o.a.m.s.f.DefaultMavenResourcesFiltering - Copying 1 resource from src\main\resources to target\classes
2025-04-09 13:01:04,110 [Worker-6: Launching Thamilan_Maligai - ThamilanMaligaiApplication] INFO  o.a.m.s.f.DefaultMavenResourcesFiltering - Copying 0 resource from src\main\resources to target\classes
2025-04-09 13:01:04,118 [Worker-6: Launching Thamilan_Maligai - ThamilanMaligaiApplication] INFO  o.a.m.s.f.DefaultMavenResourcesFiltering - skip non existing resourceDirectory D:\MasilamainProjects\Thamilan_Maligai\src\test\resources
2025-04-09 13:01:31,649 [Worker-4: Launching Thamilan_Maligai - ThamilanMaligaiApplication] INFO  o.a.m.s.f.DefaultMavenResourcesFiltering - Copying 1 resource from src\main\resources to target\classes
2025-04-09 13:01:31,684 [Worker-4: Launching Thamilan_Maligai - ThamilanMaligaiApplication] INFO  o.a.m.s.f.DefaultMavenResourcesFiltering - Copying 0 resource from src\main\resources to target\classes
2025-04-09 13:01:31,692 [Worker-4: Launching Thamilan_Maligai - ThamilanMaligaiApplication] INFO  o.a.m.s.f.DefaultMavenResourcesFiltering - skip non existing resourceDirectory D:\MasilamainProjects\Thamilan_Maligai\src\test\resources
2025-04-09 13:05:24,129 [Worker-13: Building] INFO  o.a.m.s.f.DefaultMavenResourcesFiltering - Copying 1 resource from src\main\resources to target\classes
2025-04-09 13:05:24,171 [Worker-13: Building] INFO  o.a.m.s.f.DefaultMavenResourcesFiltering - Copying 0 resource from src\main\resources to target\classes
2025-04-09 13:05:24,177 [Worker-13: Building] INFO  o.a.m.s.f.DefaultMavenResourcesFiltering - skip non existing resourceDirectory D:\MasilamainProjects\Thamilan_Maligai\src\test\resources
